#
# There is insufficient memory for the Java Runtime Environment to continue.
# Native memory allocation (mmap) failed to map 6291456 bytes for G1 virtual space
# Possible reasons:
#   The system is out of physical RAM or swap space
#   The process is running with CompressedOops enabled, and the Java Heap may be blocking the growth of the native heap
# Possible solutions:
#   Reduce memory load on the system
#   Increase physical memory or swap space
#   Check if swap backing store is full
#   Decrease Java heap size (-Xmx/-Xms)
#   Decrease number of Java threads
#   Decrease Java thread stack sizes (-Xss)
#   Set larger code cache with -XX:ReservedCodeCacheSize=
#   JVM is running with Unscaled Compressed Oops mode in which the Java heap is
#     placed in the first 4GB address space. The Java Heap base address is the
#     maximum limit for the native heap growth. Please use -XX:HeapBaseMinAddress
#     to set the Java Heap base and to place the Java Heap above 4GB virtual address.
# This output file may be truncated or incomplete.
#
#  Out of Memory Error (os_windows.cpp:3551), pid=10720, tid=14404
#
# JRE version: Java(TM) SE Runtime Environment (17.0.14+8) (build 17.0.14+8-LTS-191)
# Java VM: Java HotSpot(TM) 64-Bit Server VM (17.0.14+8-LTS-191, mixed mode, emulated-client, sharing, tiered, compressed oops, compressed class ptrs, g1 gc, windows-amd64)
# No core dump will be written. Minidumps are not enabled by default on client versions of Windows
#

---------------  S U M M A R Y ------------

Command Line: -XX:TieredStopAtLevel=1 -Dspring.output.ansi.enabled=always -Dcom.sun.management.jmxremote -Dspring.jmx.enabled=true -Dspring.liveBeansView.mbeanDomain -Dspring.application.admin.enabled=true -Dmanagement.endpoints.jmx.exposure.include=* -javaagent:C:\Program Files\JetBrains\IntelliJ IDEA 2025.1\lib\idea_rt.jar=63230 -Dfile.encoding=UTF-8 com.project.bcl_back.BclBackApplication

Host: Intel(R) Core(TM) i3-5005U CPU @ 2.00GHz, 4 cores, 3G,  Windows 10 , 64 bit Build 19041 (10.0.19041.207)
Time: Fri Jun 20 14:11:48 2025  Windows 10 , 64 bit Build 19041 (10.0.19041.207) elapsed time: 20.467554 seconds (0d 0h 0m 20s)

---------------  T H R E A D  ---------------

Current thread (0x0000017ee9a0ec10):  VMThread "VM Thread" [stack: 0x00000023e8c00000,0x00000023e8d00000] [id=14404]

Stack: [0x00000023e8c00000,0x00000023e8d00000]
Native frames: (J=compiled Java code, j=interpreted, Vv=VM code, C=native code)
V  [jvm.dll+0x67a38a]
V  [jvm.dll+0x7da7ed]
V  [jvm.dll+0x7dc133]
V  [jvm.dll+0x7dc7a3]
V  [jvm.dll+0x24517f]
V  [jvm.dll+0x6773b9]
V  [jvm.dll+0x66c062]
V  [jvm.dll+0x302096]
V  [jvm.dll+0x309636]
V  [jvm.dll+0x359f8e]
V  [jvm.dll+0x35a1bf]
V  [jvm.dll+0x2d9168]
V  [jvm.dll+0x2d759d]
V  [jvm.dll+0x2d6bec]
V  [jvm.dll+0x31a74b]
V  [jvm.dll+0x7e109b]
V  [jvm.dll+0x7e1dd4]
V  [jvm.dll+0x7e22ed]
V  [jvm.dll+0x7e26c4]
V  [jvm.dll+0x7e2790]
V  [jvm.dll+0x78b04a]
V  [jvm.dll+0x679275]
C  [ucrtbase.dll+0x21542]
C  [KERNEL32.DLL+0x16fd4]
C  [ntdll.dll+0x4cec1]

VM_Operation (0x00000023e9efea70): G1CollectForAllocation, mode: safepoint, requested by thread 0x0000017eff14a3d0


---------------  P R O C E S S  ---------------

Threads class SMR info:
_java_thread_list=0x0000017ec1d42fe0, length=22, elements={
0x0000017ee9959020, 0x0000017ee9a16890, 0x0000017ee9a17ff0, 0x0000017efa9baa70,
0x0000017efa9a88e0, 0x0000017efa9a92a0, 0x0000017efa9a9c60, 0x0000017efa9ac6e0,
0x0000017efa9e56b0, 0x0000017ee99ffdc0, 0x0000017eff11fbe0, 0x0000017eff1204d0,
0x0000017eff2fc440, 0x0000017eff14a3d0, 0x0000017eff5479a0, 0x0000017eff55ea80,
0x0000017eff5a5070, 0x0000017eff5a55c0, 0x0000017eff6f3ea0, 0x0000017eff6f3480,
0x0000017eff6f43b0, 0x0000017eff6f48c0
}

Java Threads: ( => current thread )
  0x0000017ee9959020 JavaThread "main" [_thread_blocked, id=6796, stack(0x00000023e8600000,0x00000023e8700000)]
  0x0000017ee9a16890 JavaThread "Reference Handler" daemon [_thread_blocked, id=4060, stack(0x00000023e8d00000,0x00000023e8e00000)]
  0x0000017ee9a17ff0 JavaThread "Finalizer" daemon [_thread_blocked, id=14880, stack(0x00000023e8e00000,0x00000023e8f00000)]
  0x0000017efa9baa70 JavaThread "Signal Dispatcher" daemon [_thread_blocked, id=8116, stack(0x00000023e8f00000,0x00000023e9000000)]
  0x0000017efa9a88e0 JavaThread "Attach Listener" daemon [_thread_blocked, id=11944, stack(0x00000023e9000000,0x00000023e9100000)]
  0x0000017efa9a92a0 JavaThread "Service Thread" daemon [_thread_blocked, id=4936, stack(0x00000023e9100000,0x00000023e9200000)]
  0x0000017efa9a9c60 JavaThread "Monitor Deflation Thread" daemon [_thread_blocked, id=2100, stack(0x00000023e9200000,0x00000023e9300000)]
  0x0000017efa9ac6e0 JavaThread "C1 CompilerThread0" daemon [_thread_blocked, id=10812, stack(0x00000023e9300000,0x00000023e9400000)]
  0x0000017efa9e56b0 JavaThread "Sweeper thread" daemon [_thread_blocked, id=3360, stack(0x00000023e9400000,0x00000023e9500000)]
  0x0000017ee99ffdc0 JavaThread "Common-Cleaner" daemon [_thread_blocked, id=7976, stack(0x00000023e9500000,0x00000023e9600000)]
  0x0000017eff11fbe0 JavaThread "Monitor Ctrl-Break" daemon [_thread_in_native, id=2364, stack(0x00000023e9700000,0x00000023e9800000)]
  0x0000017eff1204d0 JavaThread "Notification Thread" daemon [_thread_blocked, id=10592, stack(0x00000023e9800000,0x00000023e9900000)]
  0x0000017eff2fc440 JavaThread "RMI TCP Accept-0" daemon [_thread_in_native, id=9640, stack(0x00000023e9d00000,0x00000023e9e00000)]
  0x0000017eff14a3d0 JavaThread "RMI TCP Connection(1)-192.168.7.232" daemon [_thread_blocked, id=8548, stack(0x00000023e9e00000,0x00000023e9f00000)]
  0x0000017eff5479a0 JavaThread "RMI Scheduler(0)" daemon [_thread_blocked, id=9600, stack(0x00000023ea000000,0x00000023ea100000)]
  0x0000017eff55ea80 JavaThread "JMX server connection timeout 19" daemon [_thread_blocked, id=4692, stack(0x00000023ea100000,0x00000023ea200000)]
  0x0000017eff5a5070 JavaThread "C1 CompilerThread1" daemon [_thread_blocked, id=11620, stack(0x00000023e9600000,0x00000023e9700000)]
  0x0000017eff5a55c0 JavaThread "C1 CompilerThread2" daemon [_thread_blocked, id=3792, stack(0x00000023ea200000,0x00000023ea300000)]
  0x0000017eff6f3ea0 JavaThread "Catalina-utility-1" [_thread_blocked, id=4444, stack(0x00000023ea300000,0x00000023ea400000)]
  0x0000017eff6f3480 JavaThread "Catalina-utility-2" [_thread_blocked, id=13380, stack(0x00000023ea400000,0x00000023ea500000)]
  0x0000017eff6f43b0 JavaThread "container-0" [_thread_blocked, id=11804, stack(0x00000023ea500000,0x00000023ea600000)]
  0x0000017eff6f48c0 JavaThread "mysql-cj-abandoned-connection-cleanup" daemon [_thread_blocked, id=12604, stack(0x00000023ea600000,0x00000023ea700000)]

Other Threads:
=>0x0000017ee9a0ec10 VMThread "VM Thread" [stack: 0x00000023e8c00000,0x00000023e8d00000] [id=14404]
  0x0000017efaee85c0 WatcherThread [stack: 0x00000023e9f00000,0x00000023ea000000] [id=13352]
  0x0000017ee9996440 GCTaskThread "GC Thread#0" [stack: 0x00000023e8700000,0x00000023e8800000] [id=2492]
  0x0000017eff2fa030 GCTaskThread "GC Thread#1" [stack: 0x00000023e9900000,0x00000023e9a00000] [id=14188]
  0x0000017eff2d09a0 GCTaskThread "GC Thread#2" [stack: 0x00000023e9a00000,0x00000023e9b00000] [id=4632]
  0x0000017eff25f710 GCTaskThread "GC Thread#3" [stack: 0x00000023e9b00000,0x00000023e9c00000] [id=760]
  0x0000017ee999f050 ConcurrentGCThread "G1 Main Marker" [stack: 0x00000023e8800000,0x00000023e8900000] [id=6260]
  0x0000017ee99a1210 ConcurrentGCThread "G1 Conc#0" [stack: 0x00000023e8900000,0x00000023e8a00000] [id=7584]
  0x0000017ee99ef5f0 ConcurrentGCThread "G1 Refine#0" [stack: 0x00000023e8a00000,0x00000023e8b00000] [id=10472]
  0x0000017eff25f9d0 ConcurrentGCThread "G1 Refine#1" [stack: 0x00000023e9c00000,0x00000023e9d00000] [id=11728]
  0x0000017ee99f0020 ConcurrentGCThread "G1 Service" [stack: 0x00000023e8b00000,0x00000023e8c00000] [id=15232]

Threads with active compile tasks:

VM state: at safepoint (normal execution)

VM Mutex/Monitor currently owned by a thread:  ([mutex/lock_event])
[0x0000017ee99538a0] Threads_lock - owner thread: 0x0000017ee9a0ec10
[0x0000017ee99539c0] Heap_lock - owner thread: 0x0000017eff14a3d0

Heap address: 0x00000000c1a00000, size: 998 MB, Compressed Oops mode: 32-bit

CDS archive(s) mapped at: [0x0000017e80000000-0x0000017e80bd0000-0x0000017e80bd0000), size 12386304, SharedBaseAddress: 0x0000017e80000000, ArchiveRelocationMode: 1.
Compressed class space mapped at: 0x0000017e81000000-0x0000017ec1000000, reserved size: 1073741824
Narrow klass base: 0x0000017e80000000, Narrow klass shift: 0, Narrow klass range: 0x100000000

GC Precious Log:
 CPUs: 4 total, 4 available
 Memory: 3991M
 Large Page Support: Disabled
 NUMA Support: Disabled
 Compressed Oops: Enabled (32-bit)
 Heap Region Size: 1M
 Heap Min Capacity: 8M
 Heap Initial Capacity: 64M
 Heap Max Capacity: 998M
 Pre-touch: Disabled
 Parallel Workers: 4
 Concurrent Workers: 1
 Concurrent Refinement Workers: 4
 Periodic GC: Disabled

Heap:
 garbage-first heap   total 59392K, used 25986K [0x00000000c1a00000, 0x0000000100000000)
  region size 1024K, 2 young (2048K), 2 survivors (2048K)
 Metaspace       used 38452K, committed 38912K, reserved 1114112K
  class space    used 5497K, committed 5696K, reserved 1048576K

Heap Regions: E=young(eden), S=young(survivor), O=old, HS=humongous(starts), HC=humongous(continues), CS=collection set, F=free, OA=open archive, CA=closed archive, TAMS=top-at-mark-start (previous, next)
|   0|0x00000000c1a00000, 0x00000000c1b00000, 0x00000000c1b00000|100%|HS|  |TAMS 0x00000000c1b00000, 0x00000000c1a00000| Complete 
|   1|0x00000000c1b00000, 0x00000000c1c00000, 0x00000000c1c00000|100%|HS|  |TAMS 0x00000000c1c00000, 0x00000000c1b00000| Complete 
|   2|0x00000000c1c00000, 0x00000000c1d00000, 0x00000000c1d00000|100%| O|  |TAMS 0x00000000c1d00000, 0x00000000c1c00000| Untracked 
|   3|0x00000000c1d00000, 0x00000000c1e00000, 0x00000000c1e00000|100%| O|  |TAMS 0x00000000c1e00000, 0x00000000c1d00000| Untracked 
|   4|0x00000000c1e00000, 0x00000000c1f00000, 0x00000000c1f00000|100%| O|  |TAMS 0x00000000c1f00000, 0x00000000c1e00000| Untracked 
|   5|0x00000000c1f00000, 0x00000000c2000000, 0x00000000c2000000|100%| O|  |TAMS 0x00000000c2000000, 0x00000000c1f00000| Untracked 
|   6|0x00000000c2000000, 0x00000000c2100000, 0x00000000c2100000|100%| O|  |TAMS 0x00000000c2100000, 0x00000000c2000000| Untracked 
|   7|0x00000000c2100000, 0x00000000c2200000, 0x00000000c2200000|100%| O|  |TAMS 0x00000000c2200000, 0x00000000c2100000| Untracked 
|   8|0x00000000c2200000, 0x00000000c2300000, 0x00000000c2300000|100%| O|  |TAMS 0x00000000c2300000, 0x00000000c2200000| Untracked 
|   9|0x00000000c2300000, 0x00000000c2400000, 0x00000000c2400000|100%| O|  |TAMS 0x00000000c2400000, 0x00000000c2300000| Untracked 
|  10|0x00000000c2400000, 0x00000000c2500000, 0x00000000c2500000|100%| O|  |TAMS 0x00000000c2500000, 0x00000000c2400000| Untracked 
|  11|0x00000000c2500000, 0x00000000c2600000, 0x00000000c2600000|100%| O|  |TAMS 0x00000000c2600000, 0x00000000c2500000| Untracked 
|  12|0x00000000c2600000, 0x00000000c26a9000, 0x00000000c2700000| 66%| O|  |TAMS 0x00000000c26a9000, 0x00000000c2600000| Untracked 
|  13|0x00000000c2700000, 0x00000000c2800000, 0x00000000c2800000|100%| O|  |TAMS 0x00000000c2800000, 0x00000000c2700000| Untracked 
|  14|0x00000000c2800000, 0x00000000c2900000, 0x00000000c2900000|100%| O|  |TAMS 0x00000000c2900000, 0x00000000c2800000| Untracked 
|  15|0x00000000c2900000, 0x00000000c2a00000, 0x00000000c2a00000|100%| O|  |TAMS 0x00000000c2a00000, 0x00000000c2900000| Untracked 
|  16|0x00000000c2a00000, 0x00000000c2b00000, 0x00000000c2b00000|100%| O|  |TAMS 0x00000000c2b00000, 0x00000000c2a00000| Untracked 
|  17|0x00000000c2b00000, 0x00000000c2c00000, 0x00000000c2c00000|100%| O|  |TAMS 0x00000000c2c00000, 0x00000000c2b00000| Untracked 
|  18|0x00000000c2c00000, 0x00000000c2d00000, 0x00000000c2d00000|100%| O|  |TAMS 0x00000000c2d00000, 0x00000000c2c00000| Untracked 
|  19|0x00000000c2d00000, 0x00000000c2e00000, 0x00000000c2e00000|100%| O|  |TAMS 0x00000000c2e00000, 0x00000000c2d00000| Untracked 
|  20|0x00000000c2e00000, 0x00000000c2f00000, 0x00000000c2f00000|100%| O|  |TAMS 0x00000000c2ea2200, 0x00000000c2e00000| Untracked 
|  21|0x00000000c2f00000, 0x00000000c3000000, 0x00000000c3000000|100%| O|  |TAMS 0x00000000c2f00000, 0x00000000c2f00000| Untracked 
|  22|0x00000000c3000000, 0x00000000c3100000, 0x00000000c3100000|100%| O|  |TAMS 0x00000000c3000000, 0x00000000c3000000| Untracked 
|  23|0x00000000c3100000, 0x00000000c3200000, 0x00000000c3200000|100%| O|  |TAMS 0x00000000c3100000, 0x00000000c3100000| Untracked 
|  24|0x00000000c3200000, 0x00000000c3219600, 0x00000000c3300000|  9%| O|  |TAMS 0x00000000c3200000, 0x00000000c3200000| Untracked 
|  25|0x00000000c3300000, 0x00000000c3300000, 0x00000000c3400000|  0%| F|  |TAMS 0x00000000c3300000, 0x00000000c3300000| Untracked 
|  26|0x00000000c3400000, 0x00000000c3400000, 0x00000000c3500000|  0%| F|  |TAMS 0x00000000c3400000, 0x00000000c3400000| Untracked 
|  27|0x00000000c3500000, 0x00000000c3500000, 0x00000000c3600000|  0%| F|  |TAMS 0x00000000c3500000, 0x00000000c3500000| Untracked 
|  28|0x00000000c3600000, 0x00000000c3600000, 0x00000000c3700000|  0%| F|  |TAMS 0x00000000c3600000, 0x00000000c3600000| Untracked 
|  29|0x00000000c3700000, 0x00000000c3700000, 0x00000000c3800000|  0%| F|  |TAMS 0x00000000c3700000, 0x00000000c3700000| Untracked 
|  30|0x00000000c3800000, 0x00000000c3800000, 0x00000000c3900000|  0%| F|  |TAMS 0x00000000c3800000, 0x00000000c3800000| Untracked 
|  31|0x00000000c3900000, 0x00000000c3900000, 0x00000000c3a00000|  0%| F|  |TAMS 0x00000000c3900000, 0x00000000c3900000| Untracked 
|  32|0x00000000c3a00000, 0x00000000c3a00000, 0x00000000c3b00000|  0%| F|  |TAMS 0x00000000c3a00000, 0x00000000c3a00000| Untracked 
|  33|0x00000000c3b00000, 0x00000000c3b00000, 0x00000000c3c00000|  0%| F|  |TAMS 0x00000000c3b00000, 0x00000000c3b00000| Untracked 
|  34|0x00000000c3c00000, 0x00000000c3c9e2b0, 0x00000000c3d00000| 61%| S|CS|TAMS 0x00000000c3c00000, 0x00000000c3c00000| Complete 
|  35|0x00000000c3d00000, 0x00000000c3e00000, 0x00000000c3e00000|100%| S|CS|TAMS 0x00000000c3d00000, 0x00000000c3d00000| Complete 
|  36|0x00000000c3e00000, 0x00000000c3e00000, 0x00000000c3f00000|  0%| F|  |TAMS 0x00000000c3e00000, 0x00000000c3e00000| Untracked 
|  37|0x00000000c3f00000, 0x00000000c3f00000, 0x00000000c4000000|  0%| F|  |TAMS 0x00000000c3f00000, 0x00000000c3f00000| Untracked 
|  38|0x00000000c4000000, 0x00000000c4000000, 0x00000000c4100000|  0%| F|  |TAMS 0x00000000c4000000, 0x00000000c4000000| Untracked 
|  39|0x00000000c4100000, 0x00000000c4100000, 0x00000000c4200000|  0%| F|  |TAMS 0x00000000c4100000, 0x00000000c4100000| Untracked 
|  40|0x00000000c4200000, 0x00000000c4200000, 0x00000000c4300000|  0%| F|  |TAMS 0x00000000c4200000, 0x00000000c4200000| Untracked 
|  41|0x00000000c4300000, 0x00000000c4300000, 0x00000000c4400000|  0%| F|  |TAMS 0x00000000c4300000, 0x00000000c4300000| Untracked 
|  42|0x00000000c4400000, 0x00000000c4400000, 0x00000000c4500000|  0%| F|  |TAMS 0x00000000c4400000, 0x00000000c4400000| Untracked 
|  43|0x00000000c4500000, 0x00000000c4500000, 0x00000000c4600000|  0%| F|  |TAMS 0x00000000c4500000, 0x00000000c4500000| Untracked 
|  44|0x00000000c4600000, 0x00000000c4600000, 0x00000000c4700000|  0%| F|  |TAMS 0x00000000c4600000, 0x00000000c4600000| Untracked 
|  45|0x00000000c4700000, 0x00000000c4700000, 0x00000000c4800000|  0%| F|  |TAMS 0x00000000c4700000, 0x00000000c4700000| Untracked 
|  46|0x00000000c4800000, 0x00000000c4800000, 0x00000000c4900000|  0%| F|  |TAMS 0x00000000c4800000, 0x00000000c4800000| Untracked 
|  47|0x00000000c4900000, 0x00000000c4900000, 0x00000000c4a00000|  0%| F|  |TAMS 0x00000000c4900000, 0x00000000c4900000| Untracked 
|  48|0x00000000c4a00000, 0x00000000c4a00000, 0x00000000c4b00000|  0%| F|  |TAMS 0x00000000c4a00000, 0x00000000c4a00000| Untracked 
|  49|0x00000000c4b00000, 0x00000000c4b00000, 0x00000000c4c00000|  0%| F|  |TAMS 0x00000000c4b00000, 0x00000000c4b00000| Untracked 
|  50|0x00000000c4c00000, 0x00000000c4c00000, 0x00000000c4d00000|  0%| F|  |TAMS 0x00000000c4c00000, 0x00000000c4c00000| Untracked 
|  51|0x00000000c4d00000, 0x00000000c4d00000, 0x00000000c4e00000|  0%| F|  |TAMS 0x00000000c4d00000, 0x00000000c4d00000| Untracked 
|  52|0x00000000c4e00000, 0x00000000c4e00000, 0x00000000c4f00000|  0%| F|  |TAMS 0x00000000c4e00000, 0x00000000c4e00000| Untracked 
|  53|0x00000000c4f00000, 0x00000000c4f00000, 0x00000000c5000000|  0%| F|  |TAMS 0x00000000c4f00000, 0x00000000c4f00000| Untracked 
|  54|0x00000000c5000000, 0x00000000c5000000, 0x00000000c5100000|  0%| F|  |TAMS 0x00000000c5000000, 0x00000000c5000000| Untracked 
|  55|0x00000000c5100000, 0x00000000c5100000, 0x00000000c5200000|  0%| F|  |TAMS 0x00000000c5100000, 0x00000000c5100000| Untracked 
|  56|0x00000000c5200000, 0x00000000c5200000, 0x00000000c5300000|  0%| F|  |TAMS 0x00000000c5200000, 0x00000000c5200000| Untracked 
|  63|0x00000000c5900000, 0x00000000c5900000, 0x00000000c5a00000|  0%| F|  |TAMS 0x00000000c5900000, 0x00000000c5900000| Untracked 

Card table byte_map: [0x0000017ef60a0000,0x0000017ef62a0000] _byte_map_base: 0x0000017ef5a93000

Marking Bits (Prev, Next): (CMBitMap*) 0x0000017ee9996a60, (CMBitMap*) 0x0000017ee9996aa0
 Prev Bits: [0x0000017ef64a0000, 0x0000017ef7438000)
 Next Bits: [0x0000017ef7440000, 0x0000017ef83d8000)

Polling page: 0x0000017ee97e0000

Metaspace:

Usage:
  Non-class:     32.18 MB used.
      Class:      5.37 MB used.
       Both:     37.55 MB used.

Virtual space:
  Non-class space:       64.00 MB reserved,      32.44 MB ( 51%) committed,  1 nodes.
      Class space:        1.00 GB reserved,       5.56 MB ( <1%) committed,  1 nodes.
             Both:        1.06 GB reserved,      38.00 MB (  3%) committed. 

Chunk freelists:
   Non-Class:  15.03 MB
       Class:  10.39 MB
        Both:  25.42 MB

MaxMetaspaceSize: unlimited
CompressedClassSpaceSize: 1.00 GB
Initial GC threshold: 21.00 MB
Current GC threshold: 59.00 MB
CDS: on
MetaspaceReclaimPolicy: balanced
 - commit_granule_bytes: 65536.
 - commit_granule_words: 8192.
 - virtual_space_node_default_size: 8388608.
 - enlarge_chunks_in_place: 1.
 - new_chunks_are_fully_committed: 0.
 - uncommit_free_chunks: 1.
 - use_allocation_guard: 0.
 - handle_deallocations: 1.


Internal statistics:

num_allocs_failed_limit: 6.
num_arena_births: 692.
num_arena_deaths: 0.
num_vsnodes_births: 2.
num_vsnodes_deaths: 0.
num_space_committed: 608.
num_space_uncommitted: 0.
num_chunks_returned_to_freelist: 6.
num_chunks_taken_from_freelist: 2112.
num_chunk_merges: 6.
num_chunk_splits: 1470.
num_chunks_enlarged: 1084.
num_inconsistent_stats: 0.

CodeCache: size=49152Kb used=9461Kb max_used=9461Kb free=39691Kb
 bounds [0x0000017ef2a50000, 0x0000017ef3390000, 0x0000017ef5a50000]
 total_blobs=5167 nmethods=4617 adapters=474
 compilation: enabled
              stopped_count=0, restarted_count=0
 full_count=0

Compilation events (20 events):
Event: 19.401 Thread 0x0000017eff5a5070 4609       1       java.lang.CharacterData00::getProperties (32 bytes)
Event: 19.402 Thread 0x0000017eff5a5070 nmethod 4609 0x0000017ef338a490 code [0x0000017ef338a620, 0x0000017ef338a798]
Event: 19.460 Thread 0x0000017eff5a55c0 4610       1       org.springframework.beans.AbstractNestablePropertyAccessor::getWrappedClass (8 bytes)
Event: 19.460 Thread 0x0000017eff5a55c0 nmethod 4610 0x0000017ef338a890 code [0x0000017ef338aa20, 0x0000017ef338abc8]
Event: 19.621 Thread 0x0000017efa9ac6e0 4611       1       jdk.internal.loader.ClassLoaders::bootLoader (4 bytes)
Event: 19.621 Thread 0x0000017efa9ac6e0 nmethod 4611 0x0000017ef338ad10 code [0x0000017ef338aea0, 0x0000017ef338af58]
Event: 19.747 Thread 0x0000017eff5a55c0 4612       1       jdk.internal.loader.URLClassPath$1::next (59 bytes)
Event: 19.748 Thread 0x0000017eff5a55c0 nmethod 4612 0x0000017ef338b010 code [0x0000017ef338b1c0, 0x0000017ef338b3f8]
Event: 20.111 Thread 0x0000017efa9ac6e0 4613       1       java.lang.ClassLoader::getSystemClassLoader (96 bytes)
Event: 20.112 Thread 0x0000017efa9ac6e0 nmethod 4613 0x0000017ef338b510 code [0x0000017ef338b6e0, 0x0000017ef338b9c8]
Event: 20.129 Thread 0x0000017efa9ac6e0 4614       1       java.util.Collections$EmptyEnumeration::hasMoreElements (2 bytes)
Event: 20.129 Thread 0x0000017efa9ac6e0 nmethod 4614 0x0000017ef338bb90 code [0x0000017ef338bd20, 0x0000017ef338bdf8]
Event: 20.132 Thread 0x0000017eff5a55c0 4615       1       jdk.internal.loader.BuiltinClassLoader$1::hasNext (93 bytes)
Event: 20.133 Thread 0x0000017eff5a55c0 nmethod 4615 0x0000017ef338be90 code [0x0000017ef338c080, 0x0000017ef338c448]
Event: 20.159 Thread 0x0000017eff5a55c0 4616       1       ch.qos.logback.classic.Logger::isDebugEnabled (6 bytes)
Event: 20.159 Thread 0x0000017eff5a5070 4617       1       ch.qos.logback.classic.Logger::isDebugEnabled (67 bytes)
Event: 20.159 Thread 0x0000017eff5a55c0 nmethod 4616 0x0000017ef338c590 code [0x0000017ef338c720, 0x0000017ef338c808]
Event: 20.160 Thread 0x0000017eff5a5070 nmethod 4617 0x0000017ef338c890 code [0x0000017ef338ca80, 0x0000017ef338cdb8]
Event: 20.437 Thread 0x0000017eff5a5070 4618       1       java.lang.invoke.MethodHandle::asType (28 bytes)
Event: 20.437 Thread 0x0000017eff5a5070 nmethod 4618 0x0000017ef338d010 code [0x0000017ef338d1c0, 0x0000017ef338d348]

GC Heap History (20 events):
Event: 5.417 GC heap after
{Heap after GC invocations=3 (full 0):
 garbage-first heap   total 65536K, used 11330K [0x00000000c1a00000, 0x0000000100000000)
  region size 1024K, 2 young (2048K), 2 survivors (2048K)
 Metaspace       used 10100K, committed 10368K, reserved 1114112K
  class space    used 1353K, committed 1472K, reserved 1048576K
}
Event: 6.892 GC heap before
{Heap before GC invocations=3 (full 0):
 garbage-first heap   total 65536K, used 38978K [0x00000000c1a00000, 0x0000000100000000)
  region size 1024K, 30 young (30720K), 2 survivors (2048K)
 Metaspace       used 14905K, committed 15232K, reserved 1114112K
  class space    used 2178K, committed 2304K, reserved 1048576K
}
Event: 6.900 GC heap after
{Heap after GC invocations=4 (full 0):
 garbage-first heap   total 65536K, used 13098K [0x00000000c1a00000, 0x0000000100000000)
  region size 1024K, 4 young (4096K), 4 survivors (4096K)
 Metaspace       used 14905K, committed 15232K, reserved 1114112K
  class space    used 2178K, committed 2304K, reserved 1048576K
}
Event: 8.156 GC heap before
{Heap before GC invocations=4 (full 0):
 garbage-first heap   total 65536K, used 40746K [0x00000000c1a00000, 0x0000000100000000)
  region size 1024K, 32 young (32768K), 4 survivors (4096K)
 Metaspace       used 20133K, committed 20544K, reserved 1114112K
  class space    used 2798K, committed 3008K, reserved 1048576K
}
Event: 8.170 GC heap after
{Heap after GC invocations=5 (full 0):
 garbage-first heap   total 65536K, used 14959K [0x00000000c1a00000, 0x0000000100000000)
  region size 1024K, 4 young (4096K), 4 survivors (4096K)
 Metaspace       used 20133K, committed 20544K, reserved 1114112K
  class space    used 2798K, committed 3008K, reserved 1048576K
}
Event: 8.623 GC heap before
{Heap before GC invocations=5 (full 0):
 garbage-first heap   total 65536K, used 21103K [0x00000000c1a00000, 0x0000000100000000)
  region size 1024K, 11 young (11264K), 4 survivors (4096K)
 Metaspace       used 21193K, committed 21504K, reserved 1114112K
  class space    used 2973K, committed 3136K, reserved 1048576K
}
Event: 8.632 GC heap after
{Heap after GC invocations=6 (full 0):
 garbage-first heap   total 65536K, used 16029K [0x00000000c1a00000, 0x0000000100000000)
  region size 1024K, 3 young (3072K), 3 survivors (3072K)
 Metaspace       used 21193K, committed 21504K, reserved 1114112K
  class space    used 2973K, committed 3136K, reserved 1048576K
}
Event: 10.595 GC heap before
{Heap before GC invocations=7 (full 0):
 garbage-first heap   total 58368K, used 45725K [0x00000000c1a00000, 0x0000000100000000)
  region size 1024K, 33 young (33792K), 3 survivors (3072K)
 Metaspace       used 23515K, committed 23936K, reserved 1114112K
  class space    used 3274K, committed 3456K, reserved 1048576K
}
Event: 10.609 GC heap after
{Heap after GC invocations=8 (full 0):
 garbage-first heap   total 58368K, used 18949K [0x00000000c1a00000, 0x0000000100000000)
  region size 1024K, 4 young (4096K), 4 survivors (4096K)
 Metaspace       used 23515K, committed 23936K, reserved 1114112K
  class space    used 3274K, committed 3456K, reserved 1048576K
}
Event: 12.114 GC heap before
{Heap before GC invocations=8 (full 0):
 garbage-first heap   total 58368K, used 41477K [0x00000000c1a00000, 0x0000000100000000)
  region size 1024K, 27 young (27648K), 4 survivors (4096K)
 Metaspace       used 25844K, committed 26240K, reserved 1114112K
  class space    used 3610K, committed 3776K, reserved 1048576K
}
Event: 12.126 GC heap after
{Heap after GC invocations=9 (full 0):
 garbage-first heap   total 58368K, used 20127K [0x00000000c1a00000, 0x0000000100000000)
  region size 1024K, 2 young (2048K), 2 survivors (2048K)
 Metaspace       used 25844K, committed 26240K, reserved 1114112K
  class space    used 3610K, committed 3776K, reserved 1048576K
}
Event: 14.065 GC heap before
{Heap before GC invocations=9 (full 0):
 garbage-first heap   total 58368K, used 42655K [0x00000000c1a00000, 0x0000000100000000)
  region size 1024K, 24 young (24576K), 2 survivors (2048K)
 Metaspace       used 27892K, committed 28288K, reserved 1114112K
  class space    used 4014K, committed 4160K, reserved 1048576K
}
Event: 14.080 GC heap after
{Heap after GC invocations=10 (full 0):
 garbage-first heap   total 58368K, used 21051K [0x00000000c1a00000, 0x0000000100000000)
  region size 1024K, 3 young (3072K), 3 survivors (3072K)
 Metaspace       used 27892K, committed 28288K, reserved 1114112K
  class space    used 4014K, committed 4160K, reserved 1048576K
}
Event: 15.800 GC heap before
{Heap before GC invocations=10 (full 0):
 garbage-first heap   total 58368K, used 43579K [0x00000000c1a00000, 0x0000000100000000)
  region size 1024K, 25 young (25600K), 3 survivors (3072K)
 Metaspace       used 30992K, committed 31488K, reserved 1114112K
  class space    used 4453K, committed 4672K, reserved 1048576K
}
Event: 15.818 GC heap after
{Heap after GC invocations=11 (full 0):
 garbage-first heap   total 58368K, used 22646K [0x00000000c1a00000, 0x0000000100000000)
  region size 1024K, 3 young (3072K), 3 survivors (3072K)
 Metaspace       used 30992K, committed 31488K, reserved 1114112K
  class space    used 4453K, committed 4672K, reserved 1048576K
}
Event: 18.046 GC heap before
{Heap before GC invocations=11 (full 0):
 garbage-first heap   total 58368K, used 44150K [0x00000000c1a00000, 0x0000000100000000)
  region size 1024K, 25 young (25600K), 3 survivors (3072K)
 Metaspace       used 34920K, committed 35392K, reserved 1114112K
  class space    used 4973K, committed 5184K, reserved 1048576K
}
Event: 18.066 GC heap after
{Heap after GC invocations=12 (full 0):
 garbage-first heap   total 58368K, used 24647K [0x00000000c1a00000, 0x0000000100000000)
  region size 1024K, 4 young (4096K), 4 survivors (4096K)
 Metaspace       used 34920K, committed 35392K, reserved 1114112K
  class space    used 4973K, committed 5184K, reserved 1048576K
}
Event: 18.612 GC heap before
{Heap before GC invocations=12 (full 0):
 garbage-first heap   total 58368K, used 30791K [0x00000000c1a00000, 0x0000000100000000)
  region size 1024K, 11 young (11264K), 4 survivors (4096K)
 Metaspace       used 35654K, committed 36096K, reserved 1114112K
  class space    used 5079K, committed 5312K, reserved 1048576K
}
Event: 18.630 GC heap after
{Heap after GC invocations=13 (full 0):
 garbage-first heap   total 58368K, used 24990K [0x00000000c1a00000, 0x0000000100000000)
  region size 1024K, 1 young (1024K), 1 survivors (1024K)
 Metaspace       used 35654K, committed 36096K, reserved 1114112K
  class space    used 5079K, committed 5312K, reserved 1048576K
}
Event: 20.448 GC heap before
{Heap before GC invocations=14 (full 0):
 garbage-first heap   total 58368K, used 45470K [0x00000000c1a00000, 0x0000000100000000)
  region size 1024K, 21 young (21504K), 1 survivors (1024K)
 Metaspace       used 38452K, committed 38912K, reserved 1114112K
  class space    used 5497K, committed 5696K, reserved 1048576K
}

Deoptimization events (0 events):
No events

Classes unloaded (0 events):
No events

Classes redefined (0 events):
No events

Internal exceptions (20 events):
Event: 16.023 Thread 0x0000017ee9959020 Exception <a 'java/lang/ArrayIndexOutOfBoundsException'{0x00000000c509d728}: Index 10 out of bounds for length 10> (0x00000000c509d728) 
thrown [s\open\src\hotspot\share\interpreter\interpreterRuntime.cpp, line 428]
Event: 16.023 Thread 0x0000017ee9959020 Exception <a 'java/lang/ArrayIndexOutOfBoundsException'{0x00000000c509dcf0}: Index 10 out of bounds for length 10> (0x00000000c509dcf0) 
thrown [s\open\src\hotspot\share\interpreter\interpreterRuntime.cpp, line 428]
Event: 16.024 Thread 0x0000017ee9959020 Exception <a 'java/lang/ArrayIndexOutOfBoundsException'{0x00000000c50a4af8}> (0x00000000c50a4af8) 
thrown [s\open\src\hotspot\share\runtime\sharedRuntime.cpp, line 631]
Event: 16.024 Thread 0x0000017ee9959020 Exception <a 'java/lang/ArrayIndexOutOfBoundsException'{0x00000000c50a5368}> (0x00000000c50a5368) 
thrown [s\open\src\hotspot\share\runtime\sharedRuntime.cpp, line 631]
Event: 16.664 Thread 0x0000017ee9959020 Exception <a 'java/lang/NoSuchMethodError'{0x00000000c4988438}: 'void java.lang.invoke.DirectMethodHandle$Holder.invokeSpecial(java.lang.Object, java.lang.Object, java.lang.Object, java.lang.Object, java.lang.Object, java.lang.Object, java.lang.Object)'> (0x00000000c4988438) 
thrown [s\open\src\hotspot\share\interpreter\linkResolver.cpp, line 759]
Event: 16.833 Thread 0x0000017ee9959020 Exception <a 'java/lang/NoSuchMethodError'{0x00000000c4881608}: 'void java.lang.invoke.DirectMethodHandle$Holder.invokeInterface(java.lang.Object, java.lang.Object, int)'> (0x00000000c4881608) 
thrown [s\open\src\hotspot\share\interpreter\linkResolver.cpp, line 759]
Event: 16.858 Thread 0x0000017ee9959020 Exception <a 'java/lang/IncompatibleClassChangeError'{0x00000000c48d2260}: Found class java.lang.Object, but interface was expected> (0x00000000c48d2260) 
thrown [s\open\src\hotspot\share\interpreter\linkResolver.cpp, line 826]
Event: 16.874 Thread 0x0000017ee9959020 Exception <a 'java/lang/NoSuchMethodError'{0x00000000c48e2d98}: 'int java.lang.invoke.DirectMethodHandle$Holder.invokeSpecialIFC(java.lang.Object, java.lang.Object, java.lang.Object)'> (0x00000000c48e2d98) 
thrown [s\open\src\hotspot\share\interpreter\linkResolver.cpp, line 759]
Event: 16.879 Thread 0x0000017ee9959020 Exception <a 'java/lang/NoSuchMethodError'{0x00000000c48fb5c0}: 'void java.lang.invoke.DirectMethodHandle$Holder.invokeStatic(java.lang.Object, int, java.lang.Object)'> (0x00000000c48fb5c0) 
thrown [s\open\src\hotspot\share\interpreter\linkResolver.cpp, line 759]
Event: 16.891 Thread 0x0000017ee9959020 Exception <a 'java/lang/NoSuchMethodError'{0x00000000c473bbf8}: 'void java.lang.invoke.DirectMethodHandle$Holder.invokeVirtual(java.lang.Object, java.lang.Object, int)'> (0x00000000c473bbf8) 
thrown [s\open\src\hotspot\share\interpreter\linkResolver.cpp, line 759]
Event: 16.893 Thread 0x0000017ee9959020 Exception <a 'java/lang/NoSuchMethodError'{0x00000000c4741e40}: 'void java.lang.invoke.DirectMethodHandle$Holder.invokeStatic(java.lang.Object, java.lang.Object, java.lang.Object, int, java.lang.Object)'> (0x00000000c4741e40) 
thrown [s\open\src\hotspot\share\interpreter\linkResolver.cpp, line 759]
Event: 16.894 Thread 0x0000017ee9959020 Exception <a 'java/lang/NoSuchMethodError'{0x00000000c4749348}: 'java.lang.Object java.lang.invoke.DirectMethodHandle$Holder.newInvokeSpecial(java.lang.Object, java.lang.Object, java.lang.Object, int)'> (0x00000000c4749348) 
thrown [s\open\src\hotspot\share\interpreter\linkResolver.cpp, line 759]
Event: 16.895 Thread 0x0000017ee9959020 Exception <a 'java/lang/NoSuchMethodError'{0x00000000c474d630}: 'java.lang.Object java.lang.invoke.DirectMethodHandle$Holder.invokeSpecial(java.lang.Object, java.lang.Object, java.lang.Object, java.lang.Object, int)'> (0x00000000c474d630) 
thrown [s\open\src\hotspot\share\interpreter\linkResolver.cpp, line 759]
Event: 16.896 Thread 0x0000017ee9959020 Exception <a 'java/lang/NoSuchMethodError'{0x00000000c47511f8}: 'java.lang.Object java.lang.invoke.Invokers$Holder.linkToTargetMethod(java.lang.Object, java.lang.Object, int, java.lang.Object)'> (0x00000000c47511f8) 
thrown [s\open\src\hotspot\share\interpreter\linkResolver.cpp, line 759]
Event: 18.162 Thread 0x0000017ee9959020 Exception <a 'java/io/FileNotFoundException'{0x00000000c594e090}> (0x00000000c594e090) 
thrown [s\open\src\hotspot\share\prims\jni.cpp, line 516]
Event: 18.163 Thread 0x0000017ee9959020 Exception <a 'java/io/FileNotFoundException'{0x00000000c594fc60}> (0x00000000c594fc60) 
thrown [s\open\src\hotspot\share\prims\jni.cpp, line 516]
Event: 18.405 Thread 0x0000017ee9959020 Exception <a 'java/lang/NoSuchMethodError'{0x00000000c50abfe0}: 'int java.lang.invoke.DirectMethodHandle$Holder.invokeInterface(java.lang.Object, java.lang.Object, java.lang.Object, java.lang.Object)'> (0x00000000c50abfe0) 
thrown [s\open\src\hotspot\share\interpreter\linkResolver.cpp, line 759]
Event: 18.750 Thread 0x0000017ee9959020 Exception <a 'java/lang/NoSuchMethodError'{0x00000000c59b32e0}: 'long java.lang.invoke.DirectMethodHandle$Holder.invokeVirtual(java.lang.Object, java.lang.Object)'> (0x00000000c59b32e0) 
thrown [s\open\src\hotspot\share\interpreter\linkResolver.cpp, line 759]
Event: 18.893 Thread 0x0000017ee9959020 Exception <a 'java/lang/NoSuchMethodError'{0x00000000c51443c0}: 'void java.lang.invoke.DirectMethodHandle$Holder.invokeVirtual(java.lang.Object, java.lang.Object, long)'> (0x00000000c51443c0) 
thrown [s\open\src\hotspot\share\interpreter\linkResolver.cpp, line 759]
Event: 19.236 Thread 0x0000017ee9959020 Exception <a 'sun/nio/fs/WindowsException'{0x00000000c4cf0738}> (0x00000000c4cf0738) 
thrown [s\open\src\hotspot\share\prims\jni.cpp, line 516]

VM Operations (20 events):
Event: 18.066 Executing VM operation: G1CollectForAllocation done
Event: 18.072 Executing VM operation: HandshakeAllThreads
Event: 18.072 Executing VM operation: HandshakeAllThreads done
Event: 18.297 Executing VM operation: HandshakeAllThreads
Event: 18.297 Executing VM operation: HandshakeAllThreads done
Event: 18.540 Executing VM operation: HandshakeAllThreads
Event: 18.540 Executing VM operation: HandshakeAllThreads done
Event: 18.612 Executing VM operation: CollectForMetadataAllocation
Event: 18.630 Executing VM operation: CollectForMetadataAllocation done
Event: 18.732 Executing VM operation: G1Concurrent
Event: 18.740 Executing VM operation: G1Concurrent done
Event: 18.779 Executing VM operation: HandshakeAllThreads
Event: 18.779 Executing VM operation: HandshakeAllThreads done
Event: 18.783 Executing VM operation: G1Concurrent
Event: 18.784 Executing VM operation: G1Concurrent done
Event: 18.993 Executing VM operation: HandshakeAllThreads
Event: 18.993 Executing VM operation: HandshakeAllThreads done
Event: 20.007 Executing VM operation: Cleanup
Event: 20.007 Executing VM operation: Cleanup done
Event: 20.448 Executing VM operation: G1CollectForAllocation

Events (20 events):
Event: 18.635 loading class java/io/EOFException
Event: 18.635 loading class java/io/EOFException done
Event: 18.638 loading class javax/net/ssl/SSLException
Event: 18.639 loading class javax/net/ssl/SSLException done
Event: 18.749 loading class java/nio/channels/CompletionHandler
Event: 18.749 loading class java/nio/channels/CompletionHandler done
Event: 18.803 Thread 0x0000017eff6f3ea0 Thread added: 0x0000017eff6f3ea0
Event: 18.808 Thread 0x0000017eff6f3480 Thread added: 0x0000017eff6f3480
Event: 18.809 loading class java/util/concurrent/locks/AbstractQueuedSynchronizer$ExclusiveNode
Event: 18.810 loading class java/util/concurrent/locks/AbstractQueuedSynchronizer$ExclusiveNode done
Event: 18.828 Thread 0x0000017eff6f43b0 Thread added: 0x0000017eff6f43b0
Event: 18.990 loading class java/util/concurrent/Executors$FinalizableDelegatedExecutorService
Event: 18.990 loading class java/util/concurrent/Executors$DelegatedExecutorService
Event: 18.991 loading class java/util/concurrent/Executors$DelegatedExecutorService done
Event: 18.991 loading class java/util/concurrent/Executors$FinalizableDelegatedExecutorService done
Event: 18.994 Thread 0x0000017eff6f48c0 Thread added: 0x0000017eff6f48c0
Event: 19.185 loading class javax/naming/Referenceable
Event: 19.185 loading class javax/naming/Referenceable done
Event: 19.462 loading class java/lang/instrument/ClassFileTransformer
Event: 19.462 loading class java/lang/instrument/ClassFileTransformer done


Dynamic libraries:
0x00007ff62e3c0000 - 0x00007ff62e3d0000 	C:\Program Files\Java\jdk-17\bin\java.exe
0x00007fffd33b0000 - 0x00007fffd35a4000 	C:\Windows\SYSTEM32\ntdll.dll
0x00007fffd2380000 - 0x00007fffd243d000 	C:\Windows\System32\KERNEL32.DLL
0x00007fffd0c50000 - 0x00007fffd0f17000 	C:\Windows\System32\KERNELBASE.dll
0x00007fffd0b50000 - 0x00007fffd0c50000 	C:\Windows\System32\ucrtbase.dll
0x00007fffca420000 - 0x00007fffca43b000 	C:\Program Files\Java\jdk-17\bin\VCRUNTIME140.dll
0x00007fffc3c90000 - 0x00007fffc3ca9000 	C:\Program Files\Java\jdk-17\bin\jli.dll
0x00007fffd2ed0000 - 0x00007fffd2f7a000 	C:\Windows\System32\ADVAPI32.dll
0x00007fffd18d0000 - 0x00007fffd196e000 	C:\Windows\System32\msvcrt.dll
0x00007fffd1500000 - 0x00007fffd159b000 	C:\Windows\System32\sechost.dll
0x00007fffd29f0000 - 0x00007fffd2b13000 	C:\Windows\System32\RPCRT4.dll
0x00007fffc1ca0000 - 0x00007fffc1f3a000 	C:\Windows\WinSxS\amd64_microsoft.windows.common-controls_6595b64144ccf1df_6.0.19041.1_none_b555e41d4684ddec\COMCTL32.dll
0x00007fffd1720000 - 0x00007fffd18c0000 	C:\Windows\System32\USER32.dll
0x00007fffd0fc0000 - 0x00007fffd0fe2000 	C:\Windows\System32\win32u.dll
0x00007fffd1aa0000 - 0x00007fffd1aca000 	C:\Windows\System32\GDI32.dll
0x00007fffd1130000 - 0x00007fffd1239000 	C:\Windows\System32\gdi32full.dll
0x00007fffd0f20000 - 0x00007fffd0fbd000 	C:\Windows\System32\msvcp_win.dll
0x00007fffc3e60000 - 0x00007fffc3e6a000 	C:\Windows\SYSTEM32\VERSION.dll
0x00007fffd1680000 - 0x00007fffd16b0000 	C:\Windows\System32\IMM32.DLL
0x00007fffcb670000 - 0x00007fffcb67c000 	C:\Program Files\Java\jdk-17\bin\vcruntime140_1.dll
0x00007fffae970000 - 0x00007fffae9fe000 	C:\Program Files\Java\jdk-17\bin\msvcp140.dll
0x00007fff81300000 - 0x00007fff81ee1000 	C:\Program Files\Java\jdk-17\bin\server\jvm.dll
0x00007fffd18c0000 - 0x00007fffd18c8000 	C:\Windows\System32\PSAPI.DLL
0x00007fffcb640000 - 0x00007fffcb649000 	C:\Windows\SYSTEM32\WSOCK32.dll
0x00007fffd16b0000 - 0x00007fffd171b000 	C:\Windows\System32\WS2_32.dll
0x00007fffc32e0000 - 0x00007fffc3307000 	C:\Windows\SYSTEM32\WINMM.dll
0x00007fffcf410000 - 0x00007fffcf423000 	C:\Windows\SYSTEM32\kernel.appcore.dll
0x00007fffca750000 - 0x00007fffca75a000 	C:\Program Files\Java\jdk-17\bin\jimage.dll
0x00007fffce990000 - 0x00007fffceb74000 	C:\Windows\SYSTEM32\DBGHELP.DLL
0x00007fffc0a70000 - 0x00007fffc0a9c000 	C:\Windows\SYSTEM32\dbgcore.DLL
0x00007fffd1240000 - 0x00007fffd12bf000 	C:\Windows\System32\bcryptPrimitives.dll
0x00007fffca410000 - 0x00007fffca41e000 	C:\Program Files\Java\jdk-17\bin\instrument.dll
0x00007fffb6440000 - 0x00007fffb6465000 	C:\Program Files\Java\jdk-17\bin\java.dll
0x00007fffae890000 - 0x00007fffae967000 	C:\Program Files\Java\jdk-17\bin\jsvml.dll
0x00007fffd1c40000 - 0x00007fffd2371000 	C:\Windows\System32\SHELL32.dll
0x00007fffcec70000 - 0x00007fffcf3fa000 	C:\Windows\SYSTEM32\windows.storage.dll
0x00007fffd2f80000 - 0x00007fffd32d4000 	C:\Windows\System32\combase.dll
0x00007fffd0580000 - 0x00007fffd05ab000 	C:\Windows\SYSTEM32\Wldp.dll
0x00007fffd2ce0000 - 0x00007fffd2d8e000 	C:\Windows\System32\SHCORE.dll
0x00007fffd1be0000 - 0x00007fffd1c35000 	C:\Windows\System32\shlwapi.dll
0x00007fffd0a40000 - 0x00007fffd0a5f000 	C:\Windows\SYSTEM32\profapi.dll
0x00007fffbef80000 - 0x00007fffbef98000 	C:\Program Files\Java\jdk-17\bin\zip.dll
0x00007fffb8200000 - 0x00007fffb8219000 	C:\Program Files\Java\jdk-17\bin\net.dll
0x00007fffc3b80000 - 0x00007fffc3c80000 	C:\Windows\SYSTEM32\WINHTTP.dll
0x00007fffd0300000 - 0x00007fffd036a000 	C:\Windows\system32\mswsock.dll
0x00007fffb0130000 - 0x00007fffb0146000 	C:\Program Files\Java\jdk-17\bin\nio.dll
0x00007fffcfff0000 - 0x00007fffd00ba000 	C:\Windows\SYSTEM32\DNSAPI.dll
0x00007fffcffa0000 - 0x00007fffcffdb000 	C:\Windows\SYSTEM32\IPHLPAPI.DLL
0x00007fffd2cd0000 - 0x00007fffd2cd9000 	C:\Windows\System32\NSI.dll
0x00007fffc9750000 - 0x00007fffc975a000 	C:\Windows\System32\rasadhlp.dll
0x00007fffc3520000 - 0x00007fffc359f000 	C:\Windows\System32\fwpuclnt.dll
0x00007fffd1100000 - 0x00007fffd1127000 	C:\Windows\System32\bcrypt.dll
0x00007fffc3c80000 - 0x00007fffc3c8a000 	C:\Program Files\Java\jdk-17\bin\management.dll
0x00007fffc34e0000 - 0x00007fffc34eb000 	C:\Program Files\Java\jdk-17\bin\management_ext.dll
0x00007fffd04d0000 - 0x00007fffd04e8000 	C:\Windows\SYSTEM32\CRYPTSP.dll
0x00007fffcfc20000 - 0x00007fffcfc54000 	C:\Windows\system32\rsaenh.dll
0x00007fffd09c0000 - 0x00007fffd09ee000 	C:\Windows\SYSTEM32\USERENV.dll
0x00007fffd04f0000 - 0x00007fffd04fc000 	C:\Windows\SYSTEM32\CRYPTBASE.dll
0x00007fffc56e0000 - 0x00007fffc56f7000 	C:\Windows\SYSTEM32\dhcpcsvc6.DLL
0x00007fffc7910000 - 0x00007fffc792d000 	C:\Windows\SYSTEM32\dhcpcsvc.DLL
0x00007fffb9400000 - 0x00007fffb9417000 	C:\Windows\system32\napinsp.dll
0x00007fffb93e0000 - 0x00007fffb93fb000 	C:\Windows\system32\pnrpnsp.dll
0x00007fffcb7b0000 - 0x00007fffcb7c5000 	C:\Windows\system32\wshbth.dll
0x00007fffcb610000 - 0x00007fffcb62d000 	C:\Windows\system32\NLAapi.dll
0x00007fffb7b10000 - 0x00007fffb7b22000 	C:\Windows\System32\winrnr.dll
0x00007fffaf950000 - 0x00007fffaf999000 	C:\Windows\SYSTEM32\pdh.dll
0x00007fffcddc0000 - 0x00007fffcddcf000 	C:\Windows\System32\perfproc.dll
0x00007fffcac60000 - 0x00007fffcac6f000 	C:\Windows\System32\perfos.dll
0x00007fffc3400000 - 0x00007fffc340e000 	C:\Program Files\Java\jdk-17\bin\sunmscapi.dll
0x00007fffd12c0000 - 0x00007fffd141d000 	C:\Windows\System32\CRYPT32.dll
0x00007fffd05f0000 - 0x00007fffd0617000 	C:\Windows\SYSTEM32\ncrypt.dll
0x00007fffd05b0000 - 0x00007fffd05eb000 	C:\Windows\SYSTEM32\NTASN1.dll

dbghelp: loaded successfully - version: 4.0.5 - missing functions: none
symbol engine: initialized successfully - sym options: 0x614 - pdb path: .;C:\Program Files\Java\jdk-17\bin;C:\Windows\SYSTEM32;C:\Windows\WinSxS\amd64_microsoft.windows.common-controls_6595b64144ccf1df_6.0.19041.1_none_b555e41d4684ddec;C:\Program Files\Java\jdk-17\bin\server

VM Arguments:
jvm_args: -XX:TieredStopAtLevel=1 -Dspring.output.ansi.enabled=always -Dcom.sun.management.jmxremote -Dspring.jmx.enabled=true -Dspring.liveBeansView.mbeanDomain -Dspring.application.admin.enabled=true -Dmanagement.endpoints.jmx.exposure.include=* -javaagent:C:\Program Files\JetBrains\IntelliJ IDEA 2025.1\lib\idea_rt.jar=63230 -Dfile.encoding=UTF-8 
java_command: com.project.bcl_back.BclBackApplication
java_class_path (initial): C:\Users\User\Desktop\е詭檜お\bodycodinglab-backend\build\classes\java\main;C:\Users\User\Desktop\е詭檜お\bodycodinglab-backend\build\resources\main;C:\Users\User\.gradle\caches\modules-2\files-2.1\org.projectlombok\lombok\1.18.38\57f8f5e02e92a30fd21b80cbd426a4172b5f8e29\lombok-1.18.38.jar;C:\Users\User\.gradle\caches\modules-2\files-2.1\org.springframework.boot\spring-boot-starter-web\3.5.0\29c6198f7e5cd7c4b9a27045d93879e161d6cdd0\spring-boot-starter-web-3.5.0.jar;C:\Users\User\.gradle\caches\modules-2\files-2.1\org.springframework.boot\spring-boot-starter-security\3.5.0\f33d61f93d8a0ded9a1142996d2663105a237e76\spring-boot-starter-security-3.5.0.jar;C:\Users\User\.gradle\caches\modules-2\files-2.1\org.springframework.boot\spring-boot-starter-mail\3.5.0\a7d97e10e6ad23bd10e61afdd12875343da13c52\spring-boot-starter-mail-3.5.0.jar;C:\Users\User\.gradle\caches\modules-2\files-2.1\org.springframework.boot\spring-boot-starter-webflux\3.5.0\7d338ef1befe15e654711fea23ae56c8097f2bef\spring-boot-starter-webflux-3.5.0.jar;C:\Users\User\.gradle\caches\modules-2\files-2.1\io.jsonwebtoken\jjwt-api\0.11.5\f742940045619d06383e7df37b21ac422b476cf1\jjwt-api-0.11.5.jar;C:\Users\User\.gradle\caches\modules-2\files-2.1\org.hibernate.validator\hibernate-validator\8.0.0.Final\8e0389f22a3a246915a3311877da4168256b95d2\hibernate-validator-8.0.0.Final.jar;C:\Users\User\.gradle\caches\modules-2\files-2.1\jakarta.validation\jakarta.validation-api\3.1.0\846b536eff8a32c1b91fdeb3c9c5b6c39916767d\jakarta.validation-api-3.1.0.jar;C:\Users\User\.gradle\caches\modules-2\files-2.1\org.springframework.boot\spring-boot-starter-data-jpa\3.5.0\1f1b632678d5516b5866a82b282541b18f6bf84c\spring-boot-starter-data-jpa-3.5.0.jar;C:\Users\User\.gradle\caches\modules-2\files-2.1\org.springframework.boot\spring-boot-starter-json\3.5.0\af98a526ea3f68c179a6c6199bb1dbe864f43b93\spring-boot-starter-json-3.5.0.jar;C:\Users\User\.gradle\caches\modules-2\files-2.1\org.springframework.boot\spr
Launcher Type: SUN_STANDARD

[Global flags]
     intx CICompilerCount                          = 3                                         {product} {ergonomic}
     uint ConcGCThreads                            = 1                                         {product} {ergonomic}
     uint G1ConcRefinementThreads                  = 4                                         {product} {ergonomic}
   size_t G1HeapRegionSize                         = 1048576                                   {product} {ergonomic}
    uintx GCDrainStackTargetSize                   = 64                                        {product} {ergonomic}
   size_t InitialHeapSize                          = 67108864                                  {product} {ergonomic}
     bool ManagementServer                         = true                                      {product} {command line}
   size_t MarkStackSize                            = 4194304                                   {product} {ergonomic}
   size_t MaxHeapSize                              = 1046478848                                {product} {ergonomic}
   size_t MaxNewSize                               = 627048448                                 {product} {ergonomic}
   size_t MinHeapDeltaBytes                        = 1048576                                   {product} {ergonomic}
   size_t MinHeapSize                              = 8388608                                   {product} {ergonomic}
    uintx NonProfiledCodeHeapSize                  = 0                                      {pd product} {ergonomic}
     bool ProfileInterpreter                       = false                                  {pd product} {command line}
    uintx ProfiledCodeHeapSize                     = 0                                      {pd product} {ergonomic}
   size_t SoftMaxHeapSize                          = 1046478848                             {manageable} {ergonomic}
     intx TieredStopAtLevel                        = 1                                         {product} {command line}
     bool UseCompressedClassPointers               = true                           {product lp64_product} {ergonomic}
     bool UseCompressedOops                        = true                           {product lp64_product} {ergonomic}
     bool UseG1GC                                  = true                                      {product} {ergonomic}
     bool UseLargePagesIndividualAllocation        = false                                  {pd product} {ergonomic}

Logging:
Log output configuration:
 #0: stdout all=warning uptime,level,tags
 #1: stderr all=off uptime,level,tags

Environment Variables:
JAVA_HOME=C:\艙憮奢睡\Java\jdk-17.0.14_windows-x64_bin.exe
PATH=C:\Program Files\nodejs\;C:\Program Files\Common Files\Oracle\Java\javapath;C:\Windows\system32;C:\Windows;C:\Windows\System32\Wbem;C:\Windows\System32\WindowsPowerShell\v1.0\;C:\Windows\System32\OpenSSH\;C:\Program Files\Git\cmd;C:\Program Files\nodejs\;C:\Program Files\MySQL\MySQL Server 8.0\bin;C:\Users\User\AppData\Roaming\npm;C:\Users\User\AppData\Local\Microsoft\WindowsApps;C:\Program Files\nodejs\;C:\Users\User\AppData\Local\Programs\Microsoft VS Code\bin;C:\Users\User\AppData\Roaming\npm;;C:\Program Files\JetBrains\IntelliJ IDEA 2025.1\bin;
USERNAME=User
OS=Windows_NT
PROCESSOR_IDENTIFIER=Intel64 Family 6 Model 61 Stepping 4, GenuineIntel



---------------  S Y S T E M  ---------------

OS:
 Windows 10 , 64 bit Build 19041 (10.0.19041.207)
OS uptime: 3 days 2:29 hours

CPU: total 4 (initial active 4) (2 cores per cpu, 2 threads per core) family 6 model 61 stepping 4 microcode 0x2d, cx8, cmov, fxsr, ht, mmx, 3dnowpref, sse, sse2, sse3, ssse3, sse4.1, sse4.2, popcnt, lzcnt, tsc, tscinvbit, avx, avx2, aes, erms, clmul, bmi1, bmi2, adx, fma, vzeroupper, clflush

Memory: 4k page, system-wide physical 3991M (203M free)
TotalPageFile size 16279M (AvailPageFile size 8M)
current process WorkingSet (physical memory assigned to process): 143M, peak: 148M
current process commit charge ("private bytes"): 198M, peak: 204M

vm_info: Java HotSpot(TM) 64-Bit Server VM (17.0.14+8-LTS-191) for windows-amd64 JRE (17.0.14+8-LTS-191), built on Dec  3 2024 11:07:59 by "mach5one" with MS VC++ 17.6 (VS2022)

END.
